23:00:43 78.0 F
23:00:46 76.6 F
23:00:49 76.7 F
23:00:52 76.9 F
23:00:55 78.0 F
STOP
START
23:01:07 77.8 F
23:01:10 77.5 F
23:01:13 77.9 F
23:01:16 78.0 F
SCALE=C
23:01:19 25.5 C
23:01:22 25.6 C
23:01:25 24.5 C
23:01:28 24.7 C
23:01:31 25.6 C
23:01:34 25.2 C
23:01:37 24.8 C
FREQ=2
23:01:40 25.0 C
23:01:42 24.6 C
23:01:44 24.7 C
23:01:47 25.5 C
23:01:49 25.6 C
23:01:51 24.7 C
23:01:53 24.7 C
23:01:55 24.5 C
23:01:57 24.9 C
23:01:59 25.1 C
DISP Y
23:02:01 24.6 C
23:02:03 25.5 C
23:02:05 25.2 C
23:02:07 25.6 C
23:02:09 25.2 C
23:02:11 25.1 C
23:02:13 24.7 C
23:02:15 24.6 C
23:02:17 25.4 C
23:02:19 25.5 C
SCALE=F
23:02:21 76.6 F
23:02:23 78.0 F
23:02:25 77.9 F
23:02:27 76.9 F
23:02:29 77.9 F
23:02:31 76.3 F
23:02:33 76.7 F
23:02:35 77.0 F
23:02:37 77.6 F
23:02:39 78.0 F
FREQ=7
23:02:41 76.6 F
23:02:48 76.3 F
23:02:55 76.9 F
OFF
