22:59:30 77.3
22:59:31 77.8
22:59:32 77.8
22:59:33 78.0
22:59:34 76.7
22:59:36 77.0
22:59:37 77.3
22:59:38 77.0
22:59:39 76.1
22:59:40 77.0
22:59:41 77.3
22:59:42 77.8
22:59:43 77.9
22:59:44 76.6
22:59:45 76.9
22:59:46 76.1
22:59:47 77.8
22:59:48 76.6
22:59:49 78.0
22:59:50 77.8
22:59:51 78.0
22:59:52 76.1
22:59:53 76.4
22:59:54 76.4
22:59:55 76.1
22:59:56 76.1
22:59:57 77.3
22:59:58 77.3
22:59:59 77.8
23:00:00 77.3
23:00:01 77.8
23:00:02 77.6
23:00:03 77.9
23:00:04 78.0
23:00:05 77.0
23:00:06 76.4
23:00:07 78.0
23:00:08 77.6
23:00:09 78.2
23:00:10 77.6
23:00:11 78.2
23:00:12 76.7
23:00:13 77.6
23:00:14 76.6
23:00:15 77.9
23:00:16 77.8
23:00:17 77.0
23:00:18 78.2
23:00:19 78.0
23:00:20 77.8
23:00:21 78.0
23:00:22 77.8
23:00:23 78.2
23:00:24 76.6
23:00:25 77.3
23:00:27 77.8
23:00:28 78.2
23:00:29 77.5
23:00:30 78.0
23:00:31 78.0
23:00:32 76.9
23:00:33 76.4
23:00:34 76.3
